Determining if the pthread_create exist failed with the following output:
Change Dir: /home/let/catkin_ws/build/CMakeFiles/CMakeTmp

Run Build Command:"/usr/bin/make" "cmTC_0c997/fast"
/usr/bin/make -f CMakeFiles/cmTC_0c997.dir/build.make CMakeFiles/cmTC_0c997.dir/build
make[1]: 正在进入目录 `/home/let/catkin_ws/build/CMakeFiles/CMakeTmp'
Building C object CMakeFiles/cmTC_0c997.dir/CheckSymbolExists.c.o
/usr/bin/cc     -o CMakeFiles/cmTC_0c997.dir/CheckSymbolExists.c.o   -c /home/let/catkin_ws/build/CMakeFiles/CMakeTmp/CheckSymbolExists.c
Linking C executable cmTC_0c997
/usr/local/bin/cmake -E cmake_link_script CMakeFiles/cmTC_0c997.dir/link.txt --verbose=1
/usr/bin/cc       CMakeFiles/cmTC_0c997.dir/CheckSymbolExists.c.o  -o cmTC_0c997 -rdynamic 
CMakeFiles/cmTC_0c997.dir/CheckSymbolExists.c.o：在函数‘main’中：
CheckSymbolExists.c:(.text+0x16)：对‘pthread_create’未定义的引用
collect2: error: ld returned 1 exit status
make[1]: *** [cmTC_0c997] 错误 1
make[1]:正在离开目录 `/home/let/catkin_ws/build/CMakeFiles/CMakeTmp'
make: *** [cmTC_0c997/fast] 错误 2

File /home/let/catkin_ws/build/CMakeFiles/CMakeTmp/CheckSymbolExists.c:
/* */
#include <pthread.h>

int main(int argc, char** argv)
{
  (void)argv;
#ifndef pthread_create
  return ((int*)(&pthread_create))[argc];
#else
  (void)argc;
  return 0;
#endif
}

Determining if the function pthread_create exists in the pthreads failed with the following output:
Change Dir: /home/let/catkin_ws/build/CMakeFiles/CMakeTmp

Run Build Command:"/usr/bin/make" "cmTC_71e05/fast"
/usr/bin/make -f CMakeFiles/cmTC_71e05.dir/build.make CMakeFiles/cmTC_71e05.dir/build
make[1]: 正在进入目录 `/home/let/catkin_ws/build/CMakeFiles/CMakeTmp'
Building C object CMakeFiles/cmTC_71e05.dir/CheckFunctionExists.c.o
/usr/bin/cc    -DCHECK_FUNCTION_EXISTS=pthread_create   -o CMakeFiles/cmTC_71e05.dir/CheckFunctionExists.c.o   -c /usr/local/share/cmake-3.6/Modules/CheckFunctionExists.c
Linking C executable cmTC_71e05
/usr/local/bin/cmake -E cmake_link_script CMakeFiles/cmTC_71e05.dir/link.txt --verbose=1
/usr/bin/cc   -DCHECK_FUNCTION_EXISTS=pthread_create    CMakeFiles/cmTC_71e05.dir/CheckFunctionExists.c.o  -o cmTC_71e05 -rdynamic -lpthreads 
/usr/bin/ld: 找不到 -lpthreads
collect2: error: ld returned 1 exit status
make[1]: *** [cmTC_71e05] 错误 1
make[1]:正在离开目录 `/home/let/catkin_ws/build/CMakeFiles/CMakeTmp'
make: *** [cmTC_71e05/fast] 错误 2


